[17:33:48] [main/INFO]: Environment: authHost='https://authserver.mojang.com', accountsHost='https://api.mojang.com', sessionHost='https://sessionserver.mojang.com', name='PROD'
[17:33:49] [main/WARN]: Ambiguity between arguments [teleport, destination] and [teleport, targets] with inputs: [Player, 0123, @e, dd12be42-52a9-4a91-a8a1-11c01849e498]
[17:33:49] [main/WARN]: Ambiguity between arguments [teleport, location] and [teleport, destination] with inputs: [0.1 -0.5 .9, 0 0 0]
[17:33:49] [main/WARN]: Ambiguity between arguments [teleport, location] and [teleport, targets] with inputs: [0.1 -0.5 .9, 0 0 0]
[17:33:49] [main/WARN]: Ambiguity between arguments [teleport, targets] and [teleport, destination] with inputs: [Player, 0123, dd12be42-52a9-4a91-a8a1-11c01849e498]
[17:33:49] [main/WARN]: Ambiguity between arguments [teleport, targets, location] and [teleport, targets, destination] with inputs: [0.1 -0.5 .9, 0 0 0]
[17:33:49] [main/INFO]: Reloading ResourceManager: Default
[17:33:49] [Worker-Main-12/INFO]: Loaded 7 recipes
[17:33:49] [Worker-Main-12/INFO]: Loaded 927 advancements
[17:33:50] [Server thread/INFO]: Starting minecraft server version 1.16.1
[17:33:50] [Server thread/INFO]: Loading properties
[17:33:50] [Server thread/INFO]: Default game type: SURVIVAL
[17:33:50] [Server thread/INFO]: Generating keypair
[17:33:50] [Server console handler/ERROR]: Exception handling console input
java.io.IOException: The handle is invalid
	at java.io.FileInputStream.readBytes(Native Method) ~[?:?]
	at java.io.FileInputStream.read(FileInputStream.java:279) ~[?:?]
	at java.io.BufferedInputStream.read1(BufferedInputStream.java:290) ~[?:?]
	at java.io.BufferedInputStream.read(BufferedInputStream.java:351) ~[?:?]
	at sun.nio.cs.StreamDecoder.readBytes(StreamDecoder.java:284) ~[?:?]
	at sun.nio.cs.StreamDecoder.implRead(StreamDecoder.java:326) ~[?:?]
	at sun.nio.cs.StreamDecoder.read(StreamDecoder.java:178) ~[?:?]
	at java.io.InputStreamReader.read(InputStreamReader.java:181) ~[?:?]
	at java.io.BufferedReader.fill(BufferedReader.java:161) ~[?:?]
	at java.io.BufferedReader.readLine(BufferedReader.java:326) ~[?:?]
	at java.io.BufferedReader.readLine(BufferedReader.java:392) ~[?:?]
	at yd$1.run(SourceFile:90) [1.16.1-server.jar:?]
[17:33:50] [Server thread/INFO]: Starting Minecraft server on *:25565
[17:33:50] [Server thread/INFO]: Using default channel type
[17:33:51] [Server thread/INFO]: Preparing level "world"
[17:33:53] [Server thread/INFO]: Preparing start region for dimension minecraft:overworld
[17:33:53] [Worker-Main-13/INFO]: Preparing spawn area: 0%
[17:33:54] [Worker-Main-14/INFO]: Preparing spawn area: 0%
[17:33:54] [Worker-Main-8/INFO]: Preparing spawn area: 0%
[17:33:55] [Worker-Main-13/INFO]: Preparing spawn area: 5%
[17:33:55] [Worker-Main-8/INFO]: Preparing spawn area: 8%
[17:33:56] [Worker-Main-11/INFO]: Preparing spawn area: 12%
[17:33:56] [Worker-Main-9/INFO]: Preparing spawn area: 17%
[17:33:57] [Worker-Main-11/INFO]: Preparing spawn area: 23%
[17:33:57] [Worker-Main-13/INFO]: Preparing spawn area: 30%
[17:33:58] [Worker-Main-12/INFO]: Preparing spawn area: 36%
[17:33:58] [Worker-Main-14/INFO]: Preparing spawn area: 42%
[17:33:59] [Worker-Main-9/INFO]: Preparing spawn area: 49%
[17:33:59] [Worker-Main-12/INFO]: Preparing spawn area: 56%
[17:34:00] [Worker-Main-12/INFO]: Preparing spawn area: 62%
[17:34:00] [Worker-Main-14/INFO]: Preparing spawn area: 69%
[17:34:01] [Worker-Main-14/INFO]: Preparing spawn area: 74%
[17:34:01] [Worker-Main-13/INFO]: Preparing spawn area: 82%
[17:34:02] [Worker-Main-12/INFO]: Preparing spawn area: 87%
[17:34:02] [Worker-Main-11/INFO]: Preparing spawn area: 94%
[17:34:02] [Server thread/INFO]: Time elapsed: 9404 ms
[17:34:02] [Server thread/INFO]: Done (11.885s)! For help, type "help"
[17:37:19] [Server thread/INFO]: Stopping server
[17:37:19] [Server thread/INFO]: Saving players
[17:37:19] [Server thread/INFO]: Saving worlds
[17:37:19] [Server thread/INFO]: Saving chunks for level 'ServerLevel[world]'/minecraft:overworld
[17:37:21] [Server thread/INFO]: ThreadedAnvilChunkStorage (world): All chunks are saved
[17:37:21] [Server thread/INFO]: Saving chunks for level 'ServerLevel[world]'/minecraft:the_nether
[17:37:21] [Server thread/INFO]: ThreadedAnvilChunkStorage (DIM-1): All chunks are saved
[17:37:21] [Server thread/INFO]: Saving chunks for level 'ServerLevel[world]'/minecraft:the_end
[17:37:21] [Server thread/INFO]: ThreadedAnvilChunkStorage (DIM1): All chunks are saved
[17:37:21] [Server thread/INFO]: ThreadedAnvilChunkStorage (world): All chunks are saved
[17:37:21] [Server thread/INFO]: ThreadedAnvilChunkStorage (DIM-1): All chunks are saved
[17:37:21] [Server thread/INFO]: ThreadedAnvilChunkStorage (DIM1): All chunks are saved
